Added Component: Designator=C1(CAP-0805)
Added Component: Designator=C2(CAP-0805)
Added Component: Designator=C3(CAP-0805)
Added Component: Designator=C4(CAP-0805)
Added Component: Designator=C5(CAP-0805)
Added Component: Designator=C6(CAP-0805)
Added Component: Designator=C7(CAP-0805)
Added Component: Designator=C8(CAP-0805)
Added Component: Designator=C9(CAP-0805)
Added Component: Designator=C10(CAP-0805)
Added Component: Designator=C11(CAP-0805)
Added Component: Designator=C12(CAP-0805)
Added Component: Designator=C13(CAP-0805)
Added Component: Designator=C14(CAP-0805)
Added Component: Designator=C15(CAP-0805)
Added Component: Designator=C16(CAP-0805)
Added Component: Designator=C17(CAP-0805)
Added Component: Designator=C18(CAP-0805)
Added Component: Designator=C19(CAP-0805)
Added Component: Designator=C20(CAP-0805)
Added Component: Designator=C21(CAP-0805)
Added Component: Designator=C22(CAP-0805)
Added Component: Designator=C23(CAP-0805)
Added Component: Designator=C24(CAP-0805)
Added Component: Designator=C25(CAP-0805)
Added Component: Designator=C26(CAP-0805)
Added Component: Designator=C27(CAP-0805)
Added Component: Designator=C28(CAP-0805)
Added Component: Designator=C29(ECAP_S)
Added Component: Designator=C30(ECAP_S)
Added Component: Designator=C31(CAP-0805)
Added Component: Designator=C32(ECAP_S)
Added Component: Designator=C33(CAP-0805)
Added Component: Designator=C34(CAP_B)
Added Component: Designator=C35(CAP_B)
Added Component: Designator=C36(ECAP_S)
Added Component: Designator=C37(CAP-0805)
Added Component: Designator=C38(CAP-0805)
Added Component: Designator=C39(CAP-0805)
Added Component: Designator=C40(CAP-0805)
Added Component: Designator=C41(CAP-0805)
Added Component: Designator=C42(CAP-0805)
Added Component: Designator=C43(CAP-0805)
Added Component: Designator=C44(CAP-0805)
Added Component: Designator=C45(CAP-0805)
Added Component: Designator=D1(DO214AC)
Added Component: Designator=D2(DO214AA)
Added Component: Designator=D3(DO214AC)
Added Component: Designator=F1(MF_R030)
Added Component: Designator=J1(HDR1*4)
Added Component: Designator=J2(DG381-3P)
Added Component: Designator=J3(DG381-2P)
Added Component: Designator=J4(DG508-2P)
Added Component: Designator=J5(DG381-3P)
Added Component: Designator=J6(RJ45_ISO)
Added Component: Designator=J7(KF128L-8P)
Added Component: Designator=J8(KF128L-8P)
Added Component: Designator=L1(LED-0805)
Added Component: Designator=L2(PWR_L)
Added Component: Designator=L3(LED-0805)
Added Component: Designator=R1(RES-0805)
Added Component: Designator=R2(RES-0805)
Added Component: Designator=R3(RES-0805)
Added Component: Designator=R4(RES-0805)
Added Component: Designator=R5(RES-0805)
Added Component: Designator=R6(RES-0805)
Added Component: Designator=R7(RES-0805)
Added Component: Designator=R8(RES-0805)
Added Component: Designator=R9(RES-0805)
Added Component: Designator=R10(RES-0805)
Added Component: Designator=R11(RES-0805)
Added Component: Designator=R12(RES-0805)
Added Component: Designator=R13(RES-0805)
Added Component: Designator=R14(RES-0805)
Added Component: Designator=R15(RES-0805)
Added Component: Designator=R16(RES-0805)
Added Component: Designator=R17(RES-0805)
Added Component: Designator=R18(RES-0805)
Added Component: Designator=R19(RES-0805)
Added Component: Designator=R20(RES-0805)
Added Component: Designator=R21(RES-0805)
Added Component: Designator=R22(RES-0805)
Added Component: Designator=R23(RES-0805)
Added Component: Designator=R24(RES-0805)
Added Component: Designator=R25(RES-0805)
Added Component: Designator=R26(RES-0805)
Added Component: Designator=R27(RES-0805)
Added Component: Designator=R28(RES-0805)
Added Component: Designator=R29(RES-0805)
Added Component: Designator=R30(RES-0805)
Added Component: Designator=R31(RES-0805)
Added Component: Designator=R32(RES-0805)
Added Component: Designator=U1(STM32-LQFP100)
Added Component: Designator=U2(OSC_S)
Added Component: Designator=U3(OSC_S)
Added Component: Designator=U4(LQFP48)
Added Component: Designator=U5(TO263)
Added Component: Designator=U6(AMS1117)
Added Component: Designator=U7(SOIC16)
Added Component: Designator=U8(SOIC16)
Added Component: Designator=U9(SSOP28)
Added Component: Designator=W1(RESPOT1)
Added Pin To Net: NetName=1A+ Pin=J7-3
Added Pin To Net: NetName=1A+ Pin=R21-2
Added Pin To Net: NetName=1A+ Pin=U7-2
Added Net: Name=1A+
Added Pin To Net: NetName=1A- Pin=J7-4
Added Pin To Net: NetName=1A- Pin=R21-1
Added Pin To Net: NetName=1A- Pin=U7-1
Added Net: Name=1A-
Added Pin To Net: NetName=1B+ Pin=J7-5
Added Pin To Net: NetName=1B+ Pin=R23-2
Added Pin To Net: NetName=1B+ Pin=U7-6
Added Net: Name=1B+
Added Pin To Net: NetName=1B- Pin=J7-6
Added Pin To Net: NetName=1B- Pin=R23-1
Added Pin To Net: NetName=1B- Pin=U7-7
Added Net: Name=1B-
Added Pin To Net: NetName=1Z+ Pin=J7-7
Added Pin To Net: NetName=1Z+ Pin=R29-2
Added Pin To Net: NetName=1Z+ Pin=U7-10
Added Net: Name=1Z+
Added Pin To Net: NetName=1Z- Pin=J7-8
Added Pin To Net: NetName=1Z- Pin=R29-1
Added Pin To Net: NetName=1Z- Pin=U7-9
Added Net: Name=1Z-
Added Pin To Net: NetName=2A+ Pin=J8-3
Added Pin To Net: NetName=2A+ Pin=R22-2
Added Pin To Net: NetName=2A+ Pin=U8-2
Added Net: Name=2A+
Added Pin To Net: NetName=2A- Pin=J8-4
Added Pin To Net: NetName=2A- Pin=R22-1
Added Pin To Net: NetName=2A- Pin=U8-1
Added Net: Name=2A-
Added Pin To Net: NetName=2B+ Pin=J8-5
Added Pin To Net: NetName=2B+ Pin=R25-2
Added Pin To Net: NetName=2B+ Pin=U8-6
Added Net: Name=2B+
Added Pin To Net: NetName=2B- Pin=J8-6
Added Pin To Net: NetName=2B- Pin=R25-1
Added Pin To Net: NetName=2B- Pin=U8-7
Added Net: Name=2B-
Added Pin To Net: NetName=2Z+ Pin=J8-7
Added Pin To Net: NetName=2Z+ Pin=R31-2
Added Pin To Net: NetName=2Z+ Pin=U8-10
Added Net: Name=2Z+
Added Pin To Net: NetName=2Z- Pin=J8-8
Added Pin To Net: NetName=2Z- Pin=R31-1
Added Pin To Net: NetName=2Z- Pin=U8-9
Added Net: Name=2Z-
Added Pin To Net: NetName=3.3V Pin=C1-2
Added Pin To Net: NetName=3.3V Pin=C5-2
Added Pin To Net: NetName=3.3V Pin=C6-2
Added Pin To Net: NetName=3.3V Pin=C7-2
Added Pin To Net: NetName=3.3V Pin=C8-2
Added Pin To Net: NetName=3.3V Pin=C9-2
Added Pin To Net: NetName=3.3V Pin=C10-2
Added Pin To Net: NetName=3.3V Pin=C11-2
Added Pin To Net: NetName=3.3V Pin=C18-2
Added Pin To Net: NetName=3.3V Pin=C20-2
Added Pin To Net: NetName=3.3V Pin=C21-2
Added Pin To Net: NetName=3.3V Pin=C22-2
Added Pin To Net: NetName=3.3V Pin=C23-2
Added Pin To Net: NetName=3.3V Pin=C24-2
Added Pin To Net: NetName=3.3V Pin=C25-2
Added Pin To Net: NetName=3.3V Pin=C26-2
Added Pin To Net: NetName=3.3V Pin=C27-2
Added Pin To Net: NetName=3.3V Pin=C28-2
Added Pin To Net: NetName=3.3V Pin=C34-1
Added Pin To Net: NetName=3.3V Pin=C42-2
Added Pin To Net: NetName=3.3V Pin=C43-2
Added Pin To Net: NetName=3.3V Pin=J1-4
Added Pin To Net: NetName=3.3V Pin=J6-4
Added Pin To Net: NetName=3.3V Pin=J6-5
Added Pin To Net: NetName=3.3V Pin=J6-9
Added Pin To Net: NetName=3.3V Pin=J6-12
Added Pin To Net: NetName=3.3V Pin=R3-2
Added Pin To Net: NetName=3.3V Pin=R4-1
Added Pin To Net: NetName=3.3V Pin=R5-2
Added Pin To Net: NetName=3.3V Pin=R6-2
Added Pin To Net: NetName=3.3V Pin=R7-2
Added Pin To Net: NetName=3.3V Pin=R8-1
Added Pin To Net: NetName=3.3V Pin=R9-2
Added Pin To Net: NetName=3.3V Pin=R10-1
Added Pin To Net: NetName=3.3V Pin=R11-1
Added Pin To Net: NetName=3.3V Pin=R12-1
Added Pin To Net: NetName=3.3V Pin=R14-2
Added Pin To Net: NetName=3.3V Pin=R20-2
Added Pin To Net: NetName=3.3V Pin=U1-6
Added Pin To Net: NetName=3.3V Pin=U1-11
Added Pin To Net: NetName=3.3V Pin=U1-19
Added Pin To Net: NetName=3.3V Pin=U1-28
Added Pin To Net: NetName=3.3V Pin=U1-50
Added Pin To Net: NetName=3.3V Pin=U1-75
Added Pin To Net: NetName=3.3V Pin=U1-100
Added Pin To Net: NetName=3.3V Pin=U2-4
Added Pin To Net: NetName=3.3V Pin=U3-4
Added Pin To Net: NetName=3.3V Pin=U4-22
Added Pin To Net: NetName=3.3V Pin=U4-32
Added Pin To Net: NetName=3.3V Pin=U4-48
Added Pin To Net: NetName=3.3V Pin=U6-2
Added Pin To Net: NetName=3.3V Pin=U9-14
Added Pin To Net: NetName=3.3V Pin=U9-15
Added Pin To Net: NetName=3.3V Pin=U9-26
Added Net: Name=3.3V
Added Pin To Net: NetName=5V Pin=C31-2
Added Pin To Net: NetName=5V Pin=C32-1
Added Pin To Net: NetName=5V Pin=C33-2
Added Pin To Net: NetName=5V Pin=C35-1
Added Pin To Net: NetName=5V Pin=C37-2
Added Pin To Net: NetName=5V Pin=C38-2
Added Pin To Net: NetName=5V Pin=C39-2
Added Pin To Net: NetName=5V Pin=C40-2
Added Pin To Net: NetName=5V Pin=J7-1
Added Pin To Net: NetName=5V Pin=J8-1
Added Pin To Net: NetName=5V Pin=L2-2
Added Pin To Net: NetName=5V Pin=U6-3
Added Pin To Net: NetName=5V Pin=U7-16
Added Pin To Net: NetName=5V Pin=U8-16
Added Pin To Net: NetName=5V Pin=W1-2
Added Pin To Net: NetName=5V Pin=W1-3
Added Net: Name=5V
Added Pin To Net: NetName=CLK_8M Pin=U1-12
Added Pin To Net: NetName=CLK_8M Pin=U2-3
Added Net: Name=CLK_8M
Added Pin To Net: NetName=CLK_50M Pin=U1-24
Added Pin To Net: NetName=CLK_50M Pin=U3-3
Added Pin To Net: NetName=CLK_50M Pin=U4-34
Added Net: Name=CLK_50M
Added Pin To Net: NetName=CRS_DV Pin=U1-32
Added Pin To Net: NetName=CRS_DV Pin=U4-40
Added Net: Name=CRS_DV
Added Pin To Net: NetName=DC_IN Pin=C29-1
Added Pin To Net: NetName=DC_IN Pin=C30-1
Added Pin To Net: NetName=DC_IN Pin=D1-2
Added Pin To Net: NetName=DC_IN Pin=F1-1
Added Pin To Net: NetName=DC_IN Pin=U5-1
Added Net: Name=DC_IN
Added Pin To Net: NetName=GND Pin=C1-1
Added Pin To Net: NetName=GND Pin=C2-1
Added Pin To Net: NetName=GND Pin=C3-1
Added Pin To Net: NetName=GND Pin=C4-1
Added Pin To Net: NetName=GND Pin=C5-1
Added Pin To Net: NetName=GND Pin=C6-1
Added Pin To Net: NetName=GND Pin=C7-1
Added Pin To Net: NetName=GND Pin=C8-1
Added Pin To Net: NetName=GND Pin=C9-1
Added Pin To Net: NetName=GND Pin=C10-1
Added Pin To Net: NetName=GND Pin=C11-1
Added Pin To Net: NetName=GND Pin=C12-1
Added Pin To Net: NetName=GND Pin=C13-1
Added Pin To Net: NetName=GND Pin=C14-1
Added Pin To Net: NetName=GND Pin=C15-1
Added Pin To Net: NetName=GND Pin=C16-1
Added Pin To Net: NetName=GND Pin=C17-1
Added Pin To Net: NetName=GND Pin=C18-1
Added Pin To Net: NetName=GND Pin=C19-1
Added Pin To Net: NetName=GND Pin=C20-1
Added Pin To Net: NetName=GND Pin=C21-1
Added Pin To Net: NetName=GND Pin=C22-1
Added Pin To Net: NetName=GND Pin=C23-1
Added Pin To Net: NetName=GND Pin=C24-1
Added Pin To Net: NetName=GND Pin=C25-1
Added Pin To Net: NetName=GND Pin=C26-1
Added Pin To Net: NetName=GND Pin=C27-1
Added Pin To Net: NetName=GND Pin=C29-2
Added Pin To Net: NetName=GND Pin=C30-2
Added Pin To Net: NetName=GND Pin=C31-1
Added Pin To Net: NetName=GND Pin=C32-2
Added Pin To Net: NetName=GND Pin=C33-1
Added Pin To Net: NetName=GND Pin=C34-2
Added Pin To Net: NetName=GND Pin=C35-2
Added Pin To Net: NetName=GND Pin=C36-2
Added Pin To Net: NetName=GND Pin=C37-1
Added Pin To Net: NetName=GND Pin=C38-1
Added Pin To Net: NetName=GND Pin=C39-1
Added Pin To Net: NetName=GND Pin=C40-1
Added Pin To Net: NetName=GND Pin=C43-1
Added Pin To Net: NetName=GND Pin=C45-2
Added Pin To Net: NetName=GND Pin=D2-2
Added Pin To Net: NetName=GND Pin=D3-1
Added Pin To Net: NetName=GND Pin=J1-3
Added Pin To Net: NetName=GND Pin=J2-3
Added Pin To Net: NetName=GND Pin=J3-2
Added Pin To Net: NetName=GND Pin=J4-1
Added Pin To Net: NetName=GND Pin=J5-3
Added Pin To Net: NetName=GND Pin=J7-2
Added Pin To Net: NetName=GND Pin=J8-2
Added Pin To Net: NetName=GND Pin=L3-2
Added Pin To Net: NetName=GND Pin=R1-2
Added Pin To Net: NetName=GND Pin=R2-2
Added Pin To Net: NetName=GND Pin=R15-1
Added Pin To Net: NetName=GND Pin=R18-1
Added Pin To Net: NetName=GND Pin=R19-1
Added Pin To Net: NetName=GND Pin=U1-10
Added Pin To Net: NetName=GND Pin=U1-20
Added Pin To Net: NetName=GND Pin=U1-27
Added Pin To Net: NetName=GND Pin=U1-74
Added Pin To Net: NetName=GND Pin=U1-99
Added Pin To Net: NetName=GND Pin=U2-2
Added Pin To Net: NetName=GND Pin=U3-2
Added Pin To Net: NetName=GND Pin=U4-15
Added Pin To Net: NetName=GND Pin=U4-19
Added Pin To Net: NetName=GND Pin=U4-35
Added Pin To Net: NetName=GND Pin=U4-36
Added Pin To Net: NetName=GND Pin=U4-47
Added Pin To Net: NetName=GND Pin=U5-3
Added Pin To Net: NetName=GND Pin=U5-5
Added Pin To Net: NetName=GND Pin=U6-1
Added Pin To Net: NetName=GND Pin=U7-4
Added Pin To Net: NetName=GND Pin=U7-8
Added Pin To Net: NetName=GND Pin=U7-12
Added Pin To Net: NetName=GND Pin=U8-4
Added Pin To Net: NetName=GND Pin=U8-8
Added Pin To Net: NetName=GND Pin=U8-12
Added Pin To Net: NetName=GND Pin=U9-2
Added Pin To Net: NetName=GND Pin=U9-13
Added Net: Name=GND
Added Pin To Net: NetName=LED_ACT Pin=J6-10
Added Pin To Net: NetName=LED_ACT Pin=R17-2
Added Net: Name=LED_ACT
Added Pin To Net: NetName=LED_LINK Pin=J6-11
Added Pin To Net: NetName=LED_LINK Pin=R16-2
Added Net: Name=LED_LINK
Added Pin To Net: NetName=LED Pin=L1-2
Added Pin To Net: NetName=LED Pin=U1-81
Added Net: Name=LED
Added Pin To Net: NetName=MDC Pin=U1-16
Added Pin To Net: NetName=MDC Pin=U4-31
Added Net: Name=MDC
Added Pin To Net: NetName=MDIO Pin=U1-25
Added Pin To Net: NetName=MDIO Pin=U4-30
Added Net: Name=MDIO
Added Pin To Net: NetName=NetC2_2 Pin=C2-2
Added Pin To Net: NetName=NetC2_2 Pin=R3-1
Added Pin To Net: NetName=NetC2_2 Pin=U1-14
Added Net: Name=NetC2_2
Added Pin To Net: NetName=NetC3_2 Pin=C3-2
Added Pin To Net: NetName=NetC3_2 Pin=U1-73
Added Net: Name=NetC3_2
Added Pin To Net: NetName=NetC4_2 Pin=C4-2
Added Pin To Net: NetName=NetC4_2 Pin=U1-49
Added Net: Name=NetC4_2
Added Pin To Net: NetName=NetC12_2 Pin=C12-2
Added Pin To Net: NetName=NetC12_2 Pin=C13-2
Added Pin To Net: NetName=NetC12_2 Pin=R5-1
Added Pin To Net: NetName=NetC12_2 Pin=U1-21
Added Pin To Net: NetName=NetC12_2 Pin=U1-22
Added Net: Name=NetC12_2
Added Pin To Net: NetName=NetC28_1 Pin=C28-1
Added Pin To Net: NetName=NetC28_1 Pin=J6-7
Added Pin To Net: NetName=NetC28_1 Pin=J6-8
Added Pin To Net: NetName=NetC28_1 Pin=J6-13
Added Pin To Net: NetName=NetC28_1 Pin=J6-14
Added Pin To Net: NetName=NetC28_1 Pin=R18-2
Added Net: Name=NetC28_1
Added Pin To Net: NetName=NetC36_1 Pin=C36-1
Added Pin To Net: NetName=NetC36_1 Pin=F1-2
Added Pin To Net: NetName=NetC36_1 Pin=J3-1
Added Net: Name=NetC36_1
Added Pin To Net: NetName=NetC41_1 Pin=C41-1
Added Pin To Net: NetName=NetC41_1 Pin=U9-25
Added Net: Name=NetC41_1
Added Pin To Net: NetName=NetC41_2 Pin=C41-2
Added Pin To Net: NetName=NetC41_2 Pin=U9-28
Added Net: Name=NetC41_2
Added Pin To Net: NetName=NetC42_1 Pin=C42-1
Added Pin To Net: NetName=NetC42_1 Pin=U9-27
Added Net: Name=NetC42_1
Added Pin To Net: NetName=NetC44_1 Pin=C44-1
Added Pin To Net: NetName=NetC44_1 Pin=U9-3
Added Net: Name=NetC44_1
Added Pin To Net: NetName=NetC44_2 Pin=C44-2
Added Pin To Net: NetName=NetC44_2 Pin=U9-1
Added Net: Name=NetC44_2
Added Pin To Net: NetName=NetC45_1 Pin=C45-1
Added Pin To Net: NetName=NetC45_1 Pin=U9-4
Added Net: Name=NetC45_1
Added Pin To Net: NetName=NetD1_1 Pin=D1-1
Added Pin To Net: NetName=NetD1_1 Pin=D2-1
Added Pin To Net: NetName=NetD1_1 Pin=J4-2
Added Net: Name=NetD1_1
Added Pin To Net: NetName=NetD3_2 Pin=D3-2
Added Pin To Net: NetName=NetD3_2 Pin=L2-1
Added Pin To Net: NetName=NetD3_2 Pin=U5-2
Added Net: Name=NetD3_2
Added Pin To Net: NetName=NetJ2_1 Pin=J2-1
Added Pin To Net: NetName=NetJ2_1 Pin=U9-10
Added Net: Name=NetJ2_1
Added Pin To Net: NetName=NetJ2_2 Pin=J2-2
Added Pin To Net: NetName=NetJ2_2 Pin=U9-11
Added Net: Name=NetJ2_2
Added Pin To Net: NetName=NetJ5_1 Pin=J5-1
Added Pin To Net: NetName=NetJ5_1 Pin=U9-6
Added Net: Name=NetJ5_1
Added Pin To Net: NetName=NetJ5_2 Pin=J5-2
Added Pin To Net: NetName=NetJ5_2 Pin=U9-8
Added Net: Name=NetJ5_2
Added Pin To Net: NetName=NetL1_1 Pin=L1-1
Added Pin To Net: NetName=NetL1_1 Pin=R4-2
Added Net: Name=NetL1_1
Added Pin To Net: NetName=NetL3_1 Pin=L3-1
Added Pin To Net: NetName=NetL3_1 Pin=R20-1
Added Net: Name=NetL3_1
Added Pin To Net: NetName=NetR1_1 Pin=R1-1
Added Pin To Net: NetName=NetR1_1 Pin=U1-37
Added Net: Name=NetR1_1
Added Pin To Net: NetName=NetR2_1 Pin=R2-1
Added Pin To Net: NetName=NetR2_1 Pin=U1-94
Added Net: Name=NetR2_1
Added Pin To Net: NetName=NetR6_1 Pin=R6-1
Added Pin To Net: NetName=NetR6_1 Pin=U4-39
Added Net: Name=NetR6_1
Added Pin To Net: NetName=NetR11_2 Pin=R11-2
Added Pin To Net: NetName=NetR11_2 Pin=U4-20
Added Net: Name=NetR11_2
Added Pin To Net: NetName=NetR12_2 Pin=R12-2
Added Pin To Net: NetName=NetR12_2 Pin=U4-21
Added Net: Name=NetR12_2
Added Pin To Net: NetName=NetR13_1 Pin=R13-1
Added Pin To Net: NetName=NetR13_1 Pin=R15-2
Added Net: Name=NetR13_1
Added Pin To Net: NetName=NetR13_2 Pin=R13-2
Added Pin To Net: NetName=NetR13_2 Pin=U4-24
Added Net: Name=NetR13_2
Added Pin To Net: NetName=NetR16_1 Pin=R16-1
Added Pin To Net: NetName=NetR16_1 Pin=U4-28
Added Net: Name=NetR16_1
Added Pin To Net: NetName=NetR17_1 Pin=R17-1
Added Pin To Net: NetName=NetR17_1 Pin=U4-26
Added Net: Name=NetR17_1
Added Pin To Net: NetName=NetR19_2 Pin=R19-2
Added Pin To Net: NetName=NetR19_2 Pin=U5-4
Added Pin To Net: NetName=NetR19_2 Pin=W1-1
Added Net: Name=NetR19_2
Added Pin To Net: NetName=NetR24_1 Pin=R24-1
Added Pin To Net: NetName=NetR24_1 Pin=U7-3
Added Net: Name=NetR24_1
Added Pin To Net: NetName=NetR24_2 Pin=R24-2
Added Pin To Net: NetName=NetR24_2 Pin=U1-90
Added Net: Name=NetR24_2
Added Pin To Net: NetName=NetR26_1 Pin=R26-1
Added Pin To Net: NetName=NetR26_1 Pin=U8-3
Added Net: Name=NetR26_1
Added Pin To Net: NetName=NetR26_2 Pin=R26-2
Added Pin To Net: NetName=NetR26_2 Pin=U1-59
Added Net: Name=NetR26_2
Added Pin To Net: NetName=NetR27_1 Pin=R27-1
Added Pin To Net: NetName=NetR27_1 Pin=U7-5
Added Net: Name=NetR27_1
Added Pin To Net: NetName=NetR27_2 Pin=R27-2
Added Pin To Net: NetName=NetR27_2 Pin=U1-91
Added Net: Name=NetR27_2
Added Pin To Net: NetName=NetR28_1 Pin=R28-1
Added Pin To Net: NetName=NetR28_1 Pin=U8-5
Added Net: Name=NetR28_1
Added Pin To Net: NetName=NetR28_2 Pin=R28-2
Added Pin To Net: NetName=NetR28_2 Pin=U1-60
Added Net: Name=NetR28_2
Added Pin To Net: NetName=NetR30_1 Pin=R30-1
Added Pin To Net: NetName=NetR30_1 Pin=U7-11
Added Net: Name=NetR30_1
Added Pin To Net: NetName=NetR30_2 Pin=R30-2
Added Pin To Net: NetName=NetR30_2 Pin=U1-89
Added Net: Name=NetR30_2
Added Pin To Net: NetName=NetR32_1 Pin=R32-1
Added Pin To Net: NetName=NetR32_1 Pin=U8-11
Added Net: Name=NetR32_1
Added Pin To Net: NetName=NetR32_2 Pin=R32-2
Added Pin To Net: NetName=NetR32_2 Pin=U1-61
Added Net: Name=NetR32_2
Added Pin To Net: NetName=NRST Pin=C19-2
Added Pin To Net: NetName=NRST Pin=R7-1
Added Pin To Net: NetName=NRST Pin=U4-29
Added Net: Name=NRST
Added Pin To Net: NetName=PFB Pin=C14-2
Added Pin To Net: NetName=PFB Pin=C15-2
Added Pin To Net: NetName=PFB Pin=C16-2
Added Pin To Net: NetName=PFB Pin=C17-2
Added Pin To Net: NetName=PFB Pin=U4-18
Added Pin To Net: NetName=PFB Pin=U4-23
Added Pin To Net: NetName=PFB Pin=U4-37
Added Net: Name=PFB
Added Pin To Net: NetName=RD+ Pin=J6-3
Added Pin To Net: NetName=RD+ Pin=R8-2
Added Pin To Net: NetName=RD+ Pin=U4-14
Added Net: Name=RD+
Added Pin To Net: NetName=RD- Pin=J6-6
Added Pin To Net: NetName=RD- Pin=R9-1
Added Pin To Net: NetName=RD- Pin=U4-13
Added Net: Name=RD-
Added Pin To Net: NetName=RX1 Pin=U1-69
Added Pin To Net: NetName=RX1 Pin=U9-18
Added Net: Name=RX1
Added Pin To Net: NetName=RX3 Pin=U1-56
Added Pin To Net: NetName=RX3 Pin=U9-21
Added Net: Name=RX3
Added Pin To Net: NetName=RXD0 Pin=U1-33
Added Pin To Net: NetName=RXD0 Pin=U4-43
Added Net: Name=RXD0
Added Pin To Net: NetName=RXD1 Pin=U1-34
Added Pin To Net: NetName=RXD1 Pin=U4-44
Added Net: Name=RXD1
Added Pin To Net: NetName=SWCLK Pin=J1-1
Added Pin To Net: NetName=SWCLK Pin=U1-76
Added Net: Name=SWCLK
Added Pin To Net: NetName=SWDIO Pin=J1-2
Added Pin To Net: NetName=SWDIO Pin=U1-72
Added Net: Name=SWDIO
Added Pin To Net: NetName=TD+ Pin=J6-1
Added Pin To Net: NetName=TD+ Pin=R10-2
Added Pin To Net: NetName=TD+ Pin=U4-17
Added Net: Name=TD+
Added Pin To Net: NetName=TD- Pin=J6-2
Added Pin To Net: NetName=TD- Pin=R14-1
Added Pin To Net: NetName=TD- Pin=U4-16
Added Net: Name=TD-
Added Pin To Net: NetName=TX1 Pin=U1-68
Added Pin To Net: NetName=TX1 Pin=U9-19
Added Net: Name=TX1
Added Pin To Net: NetName=TX3 Pin=U1-55
Added Pin To Net: NetName=TX3 Pin=U9-23
Added Net: Name=TX3
Added Pin To Net: NetName=TX_EN Pin=U1-48
Added Pin To Net: NetName=TX_EN Pin=U4-2
Added Net: Name=TX_EN
Added Pin To Net: NetName=TXD0 Pin=U1-51
Added Pin To Net: NetName=TXD0 Pin=U4-3
Added Net: Name=TXD0
Added Pin To Net: NetName=TXD1 Pin=U1-52
Added Pin To Net: NetName=TXD1 Pin=U4-4
Added Net: Name=TXD1
Added Class: Name=cpu
Added Class: Name=ethernet
Added Class: Name=Navigation_Controll
Added Class: Name=power
Added Class: Name=QEP
Added Class: Name=serial_com
