Removed Pin From Net: NetName=3.3V Pin=C28-2
Removed Pin From Net: NetName=5V Pin=C31-2
Removed Pin From Net: NetName=5V Pin=C32-1
Removed Pin From Net: NetName=5V Pin=C33-2
Removed Pin From Net: NetName=5V Pin=C35-1
Removed Pin From Net: NetName=GND Pin=C37-1
Removed Pin From Net: NetName=5V Pin=C37-2
Removed Pin From Net: NetName=GND Pin=C38-1
Removed Pin From Net: NetName=5V Pin=C38-2
Removed Pin From Net: NetName=GND Pin=C39-1
Removed Pin From Net: NetName=5V Pin=C39-2
Removed Pin From Net: NetName=GND Pin=C40-1
Removed Pin From Net: NetName=5V Pin=C40-2
Removed Pin From Net: NetName=NetC36_1 Pin=J3-1
Removed Pin From Net: NetName=NetD1_1 Pin=J4-2
Removed Pin From Net: NetName=NetC36_1 Pin=J9-2
Removed Pin From Net: NetName=5V Pin=L2-2
Removed Pin From Net: NetName=1Z- Pin=QEP1-3
Removed Pin From Net: NetName=1Z+ Pin=QEP1-4
Removed Pin From Net: NetName=1B- Pin=QEP1-5
Removed Pin From Net: NetName=1B+ Pin=QEP1-6
Removed Pin From Net: NetName=1A+ Pin=QEP1-7
Removed Pin From Net: NetName=1A- Pin=QEP1-8
Removed Pin From Net: NetName=5V Pin=QEP2-1
Removed Pin From Net: NetName=2Z- Pin=QEP2-3
Removed Pin From Net: NetName=2Z+ Pin=QEP2-4
Removed Pin From Net: NetName=2B- Pin=QEP2-5
Removed Pin From Net: NetName=2B+ Pin=QEP2-6
Removed Pin From Net: NetName=2A+ Pin=QEP2-7
Removed Pin From Net: NetName=2A- Pin=QEP2-8
Removed Pin From Net: NetName=1A- Pin=R21-1
Removed Pin From Net: NetName=1A+ Pin=R21-2
Removed Pin From Net: NetName=2A- Pin=R22-1
Removed Pin From Net: NetName=2A+ Pin=R22-2
Removed Pin From Net: NetName=1B- Pin=R23-1
Removed Pin From Net: NetName=1B+ Pin=R23-2
Removed Pin From Net: NetName=2B- Pin=R25-1
Removed Pin From Net: NetName=2B+ Pin=R25-2
Removed Pin From Net: NetName=NetR26_2 Pin=R26-2
Removed Pin From Net: NetName=NetR27_1 Pin=R27-1
Removed Pin From Net: NetName=NetR28_2 Pin=R28-2
Removed Pin From Net: NetName=1Z- Pin=R29-1
Removed Pin From Net: NetName=1Z+ Pin=R29-2
Removed Pin From Net: NetName=NetR30_2 Pin=R30-2
Removed Pin From Net: NetName=2Z- Pin=R31-1
Removed Pin From Net: NetName=2Z+ Pin=R31-2
Removed Pin From Net: NetName=NetR32_1 Pin=R32-1
Removed Pin From Net: NetName=NetR32_2 Pin=R32-2
Removed Pin From Net: NetName=TD+ Pin=RJ45-1
Removed Pin From Net: NetName=TD- Pin=RJ45-2
Removed Pin From Net: NetName=RD+ Pin=RJ45-3
Removed Pin From Net: NetName=3.3V Pin=RJ45-4
Removed Pin From Net: NetName=3.3V Pin=RJ45-5
Removed Pin From Net: NetName=RD- Pin=RJ45-6
Removed Pin From Net: NetName=3.3V Pin=RJ45-9
Removed Pin From Net: NetName=3.3V Pin=RJ45-12
Removed Pin From Net: NetName=NetR26_2 Pin=U1-59
Removed Pin From Net: NetName=NetR28_2 Pin=U1-60
Removed Pin From Net: NetName=NetR32_2 Pin=U1-61
Removed Pin From Net: NetName=NetR30_2 Pin=U1-89
Removed Pin From Net: NetName=NetR24_2 Pin=U1-90
Removed Pin From Net: NetName=NetR27_2 Pin=U1-91
Removed Pin From Net: NetName=NetR17_1 Pin=U4-26
Removed Pin From Net: NetName=NetR16_1 Pin=U4-28
Removed Pin From Net: NetName=5V Pin=U6-3
Removed Pin From Net: NetName=1A- Pin=U7-1
Removed Pin From Net: NetName=1A+ Pin=U7-2
Removed Pin From Net: NetName=NetR24_1 Pin=U7-3
Removed Pin From Net: NetName=GND Pin=U7-4
Removed Pin From Net: NetName=NetR27_1 Pin=U7-5
Removed Pin From Net: NetName=1B+ Pin=U7-6
Removed Pin From Net: NetName=1B- Pin=U7-7
Removed Pin From Net: NetName=GND Pin=U7-8
Removed Pin From Net: NetName=1Z- Pin=U7-9
Removed Pin From Net: NetName=1Z+ Pin=U7-10
Removed Pin From Net: NetName=NetR30_1 Pin=U7-11
Removed Pin From Net: NetName=GND Pin=U7-12
Removed Pin From Net: NetName=5V Pin=U7-16
Removed Pin From Net: NetName=2A- Pin=U8-1
Removed Pin From Net: NetName=2A+ Pin=U8-2
Removed Pin From Net: NetName=NetR26_1 Pin=U8-3
Removed Pin From Net: NetName=GND Pin=U8-4
Removed Pin From Net: NetName=NetR28_1 Pin=U8-5
Removed Pin From Net: NetName=2B+ Pin=U8-6
Removed Pin From Net: NetName=2B- Pin=U8-7
Removed Pin From Net: NetName=GND Pin=U8-8
Removed Pin From Net: NetName=2Z- Pin=U8-9
Removed Pin From Net: NetName=2Z+ Pin=U8-10
Removed Pin From Net: NetName=NetR32_1 Pin=U8-11
Removed Pin From Net: NetName=GND Pin=U8-12
Removed Pin From Net: NetName=5V Pin=U8-16
Removed Pin From Net: NetName=NetJ5_1 Pin=U9-6
Removed Pin From Net: NetName=NetJ5_2 Pin=U9-8
Removed Pin From Net: NetName=NetJ2_1 Pin=U9-10
Removed Pin From Net: NetName=NetJ2_2 Pin=U9-11
Removed Pin From Net: NetName=5V Pin=W1-2
Removed Pin From Net: NetName=5V Pin=W1-3
Removed Member From Class: ClassName=QEP Member=C37
Removed Member From Class: ClassName=QEP Member=C38
Removed Member From Class: ClassName=QEP Member=C39
Removed Member From Class: ClassName=QEP Member=C40
Removed Member From Class: ClassName=QEP Member=R31
Removed Member From Class: ClassName=QEP Member=R32
Change Component DesignItemId : Designator=U7 Old DesignItemId=AM26LS32 New DesignItemId=Component_1
Change Component DesignItemId : Designator=U8 Old DesignItemId=AM26LS32 New DesignItemId=Component_1
Change Component Footprint: Designator=U7 Old Footprint=SOIC16 New Footprint=SOP8
Change Component Footprint: Designator=U8 Old Footprint=SOIC16 New Footprint=SOP8
Change Component Comment : Designator=U7 Old Comment=AM26LS32 New Comment=6N136
Change Component Comment : Designator=U8 Old Comment=AM26LS32 New Comment=6N136
Change Component Designator: OldDesignator=QEP1 NewDesignator=J7
Change Component Designator: OldDesignator=QEP2 NewDesignator=J8
Change Component Designator: OldDesignator=RJ45 NewDesignator=J6
Added Component: Designator=U10(SOP8)
Added Component: Designator=U11(SOP8)
Added Pin To Net: NetName=NetR24_2 Pin=C31-2
Added Pin To Net: NetName=NetR24_2 Pin=C32-1
Added Pin To Net: NetName=NetR24_2 Pin=C33-2
Added Pin To Net: NetName=NetR24_2 Pin=C35-1
Added Pin To Net: NetName=NetR26_2 Pin=J3-1
Added Pin To Net: NetName=NetR27_1 Pin=J4-2
Added Pin To Net: NetName=NetR28_2 Pin=J6-1
Added Pin To Net: NetName=NetR30_2 Pin=J6-2
Added Pin To Net: NetName=NetR32_1 Pin=J6-3
Added Pin To Net: NetName=NetR32_2 Pin=J6-6
Added Pin To Net: NetName=5V Pin=J7-3
Added Pin To Net: NetName=GND Pin=J7-4
Added Pin To Net: NetName=5V Pin=J7-5
Added Pin To Net: NetName=GND Pin=J7-6
Added Pin To Net: NetName=5V Pin=J7-7
Added Pin To Net: NetName=GND Pin=J7-8
Added Pin To Net: NetName=GND Pin=J8-4
Added Pin To Net: NetName=GND Pin=J8-6
Added Pin To Net: NetName=NetR26_2 Pin=J9-2
Added Pin To Net: NetName=NetR24_2 Pin=L2-2
Added Pin To Net: NetName=1Z+ Pin=R21-2
Added Pin To Net: NetName=1Z- Pin=R22-1
Added Pin To Net: NetName=NetR24_2 Pin=R22-2
Added Pin To Net: NetName=2A+ Pin=R23-2
Added Pin To Net: NetName=NetR24_2 Pin=R25-1
Added Pin To Net: NetName=2A- Pin=R25-2
Added Pin To Net: NetName=3.3V Pin=R26-2
Added Pin To Net: NetName=NetR24_2 Pin=R27-1
Added Pin To Net: NetName=3.3V Pin=R28-2
Added Pin To Net: NetName=NetR24_2 Pin=R29-1
Added Pin To Net: NetName=2B+ Pin=R29-2
Added Pin To Net: NetName=3.3V Pin=R30-2
Added Pin To Net: NetName=NetR30_1 Pin=U1-89
Added Pin To Net: NetName=NetR26_1 Pin=U1-90
Added Pin To Net: NetName=NetR28_1 Pin=U1-91
Added Pin To Net: NetName=NetR24_2 Pin=U6-3
Added Pin To Net: NetName=2A- Pin=U7-2
Added Pin To Net: NetName=2B- Pin=U7-3
Added Pin To Net: NetName=GND Pin=U7-5
Added Pin To Net: NetName=NetR26_1 Pin=U7-6
Added Pin To Net: NetName=3.3V Pin=U7-8
Added Pin To Net: NetName=NetR27_2 Pin=U8-2
Added Pin To Net: NetName=2Z+ Pin=U8-3
Added Pin To Net: NetName=GND Pin=U8-5
Added Pin To Net: NetName=NetR28_1 Pin=U8-6
Added Pin To Net: NetName=3.3V Pin=U8-8
Added Pin To Net: NetName=1A+ Pin=U9-6
Added Pin To Net: NetName=1A- Pin=U9-8
Added Pin To Net: NetName=1B+ Pin=U9-10
Added Pin To Net: NetName=1B- Pin=U9-11
Added Pin To Net: NetName=2B+ Pin=U10-2
Added Pin To Net: NetName=2Z- Pin=U10-3
Added Pin To Net: NetName=GND Pin=U10-5
Added Pin To Net: NetName=NetR30_1 Pin=U10-6
Added Pin To Net: NetName=3.3V Pin=U10-8
Added Pin To Net: NetName=1Z+ Pin=U11-2
Added Pin To Net: NetName=GND Pin=U11-3
Added Pin To Net: NetName=GND Pin=U11-5
Added Pin To Net: NetName=1Z- Pin=U11-6
Added Pin To Net: NetName=NetR24_2 Pin=U11-8
Added Pin To Net: NetName=NetR24_2 Pin=W1-2
Added Pin To Net: NetName=NetR24_2 Pin=W1-3
Change Net Name : Old Net Name=1A+ New Net Name=NetU9_6
Change Net Name : Old Net Name=1A- New Net Name=NetU9_8
Change Net Name : Old Net Name=1B+ New Net Name=NetU9_10
Change Net Name : Old Net Name=1B- New Net Name=NetU9_11
Change Net Name : Old Net Name=1Z+ New Net Name=NetR21_2
Change Net Name : Old Net Name=1Z- New Net Name=NetR22_1
Change Net Name : Old Net Name=2A+ New Net Name=NetR23_2
Change Net Name : Old Net Name=2A- New Net Name=NetR25_2
Change Net Name : Old Net Name=2B+ New Net Name=NetR29_2
Change Net Name : Old Net Name=2B- New Net Name=NetU7_3
Change Net Name : Old Net Name=2Z+ New Net Name=NetU8_3
Change Net Name : Old Net Name=2Z- New Net Name=NetU10_3
Change Net Name : Old Net Name=3.3V New Net Name=VDD
Change Net Name : Old Net Name=NetR24_2 New Net Name=DC_5V
Change Net Name : Old Net Name=NetR26_2 New Net Name=NetJ3_1
Change Net Name : Old Net Name=NetR27_1 New Net Name=NetJ4_2
Change Net Name : Old Net Name=NetR28_2 New Net Name=NetJ6_1
Change Net Name : Old Net Name=NetR30_2 New Net Name=NetJ6_2
Change Net Name : Old Net Name=NetR32_1 New Net Name=NetJ6_3
Change Net Name : Old Net Name=NetR32_2 New Net Name=NetJ6_6
Change Net Name : Old Net Name=RX1 New Net Name=NetU1_69
Change Net Name : Old Net Name=RX3 New Net Name=NetU1_56
Change Net Name : Old Net Name=TX1 New Net Name=NetU1_68
Change Net Name : Old Net Name=TX3 New Net Name=NetU1_55
Added Pin To Net: NetName=3.3V Pin=C28-2
Added Pin To Net: NetName=3.3V Pin=J6-4
Added Pin To Net: NetName=3.3V Pin=J6-5
Added Pin To Net: NetName=3.3V Pin=J6-9
Added Pin To Net: NetName=3.3V Pin=J6-12
Added Net: Name=3.3V
Added Pin To Net: NetName=NetJ8_1 Pin=J8-1
Added Net: Name=NetJ8_1
Added Pin To Net: NetName=NetJ8_3 Pin=J8-3
Added Net: Name=NetJ8_3
Added Pin To Net: NetName=NetJ8_5 Pin=J8-5
Added Net: Name=NetJ8_5
Added Pin To Net: NetName=NetJ8_7 Pin=J8-7
Added Net: Name=NetJ8_7
Added Pin To Net: NetName=NetJ8_8 Pin=J8-8
Added Net: Name=NetJ8_8
Added Pin To Net: NetName=NetR21_1 Pin=R21-1
Added Pin To Net: NetName=NetR21_1 Pin=U1-67
Added Net: Name=NetR21_1
Added Pin To Net: NetName=NetR23_1 Pin=R23-1
Added Pin To Net: NetName=NetR23_1 Pin=U1-58
Added Net: Name=NetR23_1
Added Pin To Net: NetName=NetU4_26 Pin=U4-26
Added Net: Name=NetU4_26
Added Pin To Net: NetName=NetU4_28 Pin=U4-28
Added Net: Name=NetU4_28
Change Class Name : Old Net Name=power New Net Name=power_sw
Added Member To Class: ClassName=Navigation_Controll Member=Component J7 HDR1*8
Added Member To Class: ClassName=Navigation_Controll Member=Component J8 HDR1*8
Added Member To Class: ClassName=QEP Member=Component U10 6N136
Added Member To Class: ClassName=QEP Member=Component U11 6N136
Added Room: Name=cpu
Added Room: Name=ethernet
Added Room: Name=Navigation_Controll
Added Room: Name=power_sw
Added Room: Name=QEP
Added Room: Name=serial_com
