Added Pin To Net: NetName=5V Pin=R22-2
Added Pin To Net: NetName=5V Pin=R24-2
Added Pin To Net: NetName=5V Pin=R25-1
Added Pin To Net: NetName=5V Pin=R29-1
Added Pin To Net: NetName=5V Pin=U11-8
Added Pin To Net: NetName=5V Pin=U12-8
Added Pin To Net: NetName=AIN Pin=J8-1
Added Pin To Net: NetName=AIN Pin=U7-3
Added Net: Name=AIN
Added Pin To Net: NetName=BIN Pin=J8-3
Added Pin To Net: NetName=BIN Pin=U8-3
Added Net: Name=BIN
Added Pin To Net: NetName=DIR_OUT Pin=J8-8
Added Pin To Net: NetName=DIR_OUT Pin=R24-1
Added Pin To Net: NetName=DIR_OUT Pin=U12-6
Added Net: Name=DIR_OUT
Added Pin To Net: NetName=PULS_OUT Pin=J8-7
Added Pin To Net: NetName=PULS_OUT Pin=R22-1
Added Pin To Net: NetName=PULS_OUT Pin=U11-6
Added Net: Name=PULS_OUT
Added Pin To Net: NetName=ZIN Pin=J8-5
Added Pin To Net: NetName=ZIN Pin=U10-3
Added Net: Name=ZIN
Added Class: Name=QEP
