Removed Pin From Net: NetName=3.3V Pin=C28-2
Removed Pin From Net: NetName=5V Pin=C31-2
Removed Pin From Net: NetName=5V Pin=C32-1
Removed Pin From Net: NetName=5V Pin=C33-2
Removed Pin From Net: NetName=5V Pin=C35-1
Removed Pin From Net: NetName=NetC36_1 Pin=J3-1
Removed Pin From Net: NetName=NetD1_1 Pin=J4-2
Removed Pin From Net: NetName=NetC36_1 Pin=J9-2
Removed Pin From Net: NetName=5V Pin=L2-2
Removed Pin From Net: NetName=5V Pin=R27-1
Removed Pin From Net: NetName=TD+ Pin=RJ45-1
Removed Pin From Net: NetName=TD- Pin=RJ45-2
Removed Pin From Net: NetName=RD+ Pin=RJ45-3
Removed Pin From Net: NetName=3.3V Pin=RJ45-4
Removed Pin From Net: NetName=3.3V Pin=RJ45-5
Removed Pin From Net: NetName=RD- Pin=RJ45-6
Removed Pin From Net: NetName=3.3V Pin=RJ45-9
Removed Pin From Net: NetName=3.3V Pin=RJ45-12
Removed Pin From Net: NetName=NetR17_1 Pin=U4-26
Removed Pin From Net: NetName=NetR16_1 Pin=U4-28
Removed Pin From Net: NetName=5V Pin=U6-3
Removed Pin From Net: NetName=NetJ5_1 Pin=U9-6
Removed Pin From Net: NetName=NetJ5_2 Pin=U9-8
Removed Pin From Net: NetName=NetJ2_1 Pin=U9-10
Removed Pin From Net: NetName=NetJ2_2 Pin=U9-11
Removed Pin From Net: NetName=5V Pin=W1-2
Removed Pin From Net: NetName=5V Pin=W1-3
Change Class Name : Old Net Name=power New Net Name=power_sw
Added Class: Name=QEP
