Added Component: Designator=J7(KF128L-8P)
Added Component: Designator=J8(KF128L-8P)
Added Component: Designator=R21(0805)
Added Component: Designator=R22(0805)
Added Component: Designator=R23(0805)
Added Component: Designator=R24(0805)
Added Component: Designator=R25(0805)
Added Component: Designator=R26(0805)
Added Component: Designator=R27(0805)
Added Component: Designator=R28(0805)
Added Component: Designator=R29(0805)
Added Component: Designator=R30(0805)
Added Component: Designator=U7(SOP8)
Added Component: Designator=U8(SOP8)
Added Component: Designator=U10(SOP8)
Added Component: Designator=U11(SOP8)
Added Component: Designator=U12(SOP8)
Added Pin To Net: NetName=5V Pin=J7-1
Added Pin To Net: NetName=GND Pin=J7-2
Added Pin To Net: NetName=5V Pin=J7-3
Added Pin To Net: NetName=GND Pin=J7-4
Added Pin To Net: NetName=5V Pin=J7-5
Added Pin To Net: NetName=GND Pin=J7-6
Added Pin To Net: NetName=5V Pin=J7-7
Added Pin To Net: NetName=GND Pin=J7-8
Added Pin To Net: NetName=GND Pin=J8-2
Added Pin To Net: NetName=GND Pin=J8-4
Added Pin To Net: NetName=GND Pin=J8-6
Added Pin To Net: NetName=NetR24_1 Pin=R24-1
Added Pin To Net: NetName=NetR26_1 Pin=R26-1
Added Pin To Net: NetName=3.3V Pin=R26-2
Added Pin To Net: NetName=NetR27_2 Pin=R27-2
Added Pin To Net: NetName=NetR28_1 Pin=R28-1
Added Pin To Net: NetName=3.3V Pin=R28-2
Added Pin To Net: NetName=NetR30_1 Pin=R30-1
Added Pin To Net: NetName=3.3V Pin=R30-2
Added Pin To Net: NetName=NetR30_1 Pin=U1-89
Added Pin To Net: NetName=NetR26_1 Pin=U1-90
Added Pin To Net: NetName=NetR28_1 Pin=U1-91
Added Pin To Net: NetName=GND Pin=U7-5
Added Pin To Net: NetName=NetR26_1 Pin=U7-6
Added Pin To Net: NetName=3.3V Pin=U7-8
Added Pin To Net: NetName=NetR27_2 Pin=U8-2
Added Pin To Net: NetName=GND Pin=U8-5
Added Pin To Net: NetName=NetR28_1 Pin=U8-6
Added Pin To Net: NetName=3.3V Pin=U8-8
Added Pin To Net: NetName=GND Pin=U10-5
Added Pin To Net: NetName=NetR30_1 Pin=U10-6
Added Pin To Net: NetName=3.3V Pin=U10-8
Added Pin To Net: NetName=GND Pin=U11-3
Added Pin To Net: NetName=GND Pin=U11-5
Added Pin To Net: NetName=GND Pin=U12-3
Added Pin To Net: NetName=GND Pin=U12-5
Added Pin To Net: NetName=NetR24_1 Pin=U12-6
Added Pin To Net: NetName=NetJ8_1 Pin=J8-1
Added Net: Name=NetJ8_1
Added Pin To Net: NetName=NetJ8_3 Pin=J8-3
Added Net: Name=NetJ8_3
Added Pin To Net: NetName=NetJ8_5 Pin=J8-5
Added Net: Name=NetJ8_5
Added Pin To Net: NetName=NetJ8_7 Pin=J8-7
Added Net: Name=NetJ8_7
Added Pin To Net: NetName=NetJ8_8 Pin=J8-8
Added Net: Name=NetJ8_8
Added Pin To Net: NetName=NetR21_1 Pin=R21-1
Added Pin To Net: NetName=NetR21_1 Pin=U1-67
Added Net: Name=NetR21_1
Added Pin To Net: NetName=NetR21_2 Pin=R21-2
Added Pin To Net: NetName=NetR21_2 Pin=U11-2
Added Net: Name=NetR21_2
Added Pin To Net: NetName=NetR22_1 Pin=R22-1
Added Pin To Net: NetName=NetR22_1 Pin=U11-6
Added Net: Name=NetR22_1
Added Pin To Net: NetName=NetR23_1 Pin=R23-1
Added Pin To Net: NetName=NetR23_1 Pin=U1-58
Added Net: Name=NetR23_1
Added Pin To Net: NetName=NetR23_2 Pin=R23-2
Added Pin To Net: NetName=NetR23_2 Pin=U12-2
Added Net: Name=NetR23_2
Added Pin To Net: NetName=NetR25_2 Pin=R25-2
Added Pin To Net: NetName=NetR25_2 Pin=U7-2
Added Net: Name=NetR25_2
Added Pin To Net: NetName=NetR29_2 Pin=R29-2
Added Pin To Net: NetName=NetR29_2 Pin=U10-2
Added Net: Name=NetR29_2
Added Pin To Net: NetName=NetU7_3 Pin=U7-3
Added Net: Name=NetU7_3
Added Pin To Net: NetName=NetU8_3 Pin=U8-3
Added Net: Name=NetU8_3
Added Pin To Net: NetName=NetU10_3 Pin=U10-3
Added Net: Name=NetU10_3
